2015-07-09 14:13:38,740 FATAL route.AbstractQueryRouter - Could not load configuration file, failing
com.meidusa.amoeba.util.InitialisationException: parser expression:
                           getDbByUserId(userId)
                         
                    error
	at com.meidusa.amoeba.route.TableRuleFileLoader.loadRule(TableRuleFileLoader.java:451)
	at com.meidusa.amoeba.route.TableRuleFileLoader.loadTableRule(TableRuleFileLoader.java:395)
	at com.meidusa.amoeba.route.TableRuleFileLoader.loadConfigurationFile(TableRuleFileLoader.java:308)
	at com.meidusa.amoeba.route.TableRuleFileLoader.loadRule(TableRuleFileLoader.java:268)
	at com.meidusa.amoeba.route.AbstractQueryRouter.init(AbstractQueryRouter.java:562)
	at com.meidusa.amoeba.context.ProxyRuntimeContext.initAllInitialisableBeans(ProxyRuntimeContext.java:331)
	at com.meidusa.amoeba.context.ProxyRuntimeContext.init(ProxyRuntimeContext.java:291)
	at com.meidusa.amoeba.server.AmoebaProxyServer.main(AmoebaProxyServer.java:162)
Caused by: com.meidusa.amoeba.sqljep.ParseException: Function "getDbByUserId" requires 2 parameters

	at com.meidusa.amoeba.sqljep.BaseJEP.parseExpression(BaseJEP.java:189)
	at com.meidusa.amoeba.route.TableRuleFileLoader.loadRule(TableRuleFileLoader.java:449)
	... 7 more
2015-07-09 14:23:56,956 FATAL route.AbstractQueryRouter - Could not load configuration file, failing
com.meidusa.amoeba.util.InitialisationException: parser expression:
                           getDbByUserId(userId)
                         
                    error
	at com.meidusa.amoeba.route.TableRuleFileLoader.loadRule(TableRuleFileLoader.java:451)
	at com.meidusa.amoeba.route.TableRuleFileLoader.loadTableRule(TableRuleFileLoader.java:395)
	at com.meidusa.amoeba.route.TableRuleFileLoader.loadConfigurationFile(TableRuleFileLoader.java:308)
	at com.meidusa.amoeba.route.TableRuleFileLoader.loadRule(TableRuleFileLoader.java:268)
	at com.meidusa.amoeba.route.AbstractQueryRouter.init(AbstractQueryRouter.java:562)
	at com.meidusa.amoeba.context.ProxyRuntimeContext.initAllInitialisableBeans(ProxyRuntimeContext.java:331)
	at com.meidusa.amoeba.context.ProxyRuntimeContext.init(ProxyRuntimeContext.java:291)
	at com.meidusa.amoeba.server.AmoebaProxyServer.main(AmoebaProxyServer.java:162)
Caused by: com.meidusa.amoeba.sqljep.ParseException: Function "getDbByUserId" requires 2 parameters

	at com.meidusa.amoeba.sqljep.BaseJEP.parseExpression(BaseJEP.java:189)
	at com.meidusa.amoeba.route.TableRuleFileLoader.loadRule(TableRuleFileLoader.java:449)
	... 7 more
2015-07-09 14:36:12,227 FATAL route.AbstractQueryRouter - Could not load configuration file, failing
com.meidusa.amoeba.util.InitialisationException: parser expression:
                           getDbByUserId(userId)
                         
                    error
	at com.meidusa.amoeba.route.TableRuleFileLoader.loadRule(TableRuleFileLoader.java:451)
	at com.meidusa.amoeba.route.TableRuleFileLoader.loadTableRule(TableRuleFileLoader.java:395)
	at com.meidusa.amoeba.route.TableRuleFileLoader.loadConfigurationFile(TableRuleFileLoader.java:308)
	at com.meidusa.amoeba.route.TableRuleFileLoader.loadRule(TableRuleFileLoader.java:268)
	at com.meidusa.amoeba.route.AbstractQueryRouter.init(AbstractQueryRouter.java:562)
	at com.meidusa.amoeba.context.ProxyRuntimeContext.initAllInitialisableBeans(ProxyRuntimeContext.java:331)
	at com.meidusa.amoeba.context.ProxyRuntimeContext.init(ProxyRuntimeContext.java:291)
	at com.meidusa.amoeba.server.AmoebaProxyServer.main(AmoebaProxyServer.java:162)
Caused by: com.meidusa.amoeba.sqljep.ParseException: Function "getDbByUserId" requires 2 parameters

	at com.meidusa.amoeba.sqljep.BaseJEP.parseExpression(BaseJEP.java:189)
	at com.meidusa.amoeba.route.TableRuleFileLoader.loadRule(TableRuleFileLoader.java:449)
	... 7 more
2015-07-09 14:38:31,096 FATAL route.AbstractQueryRouter - Could not load configuration file, failing
com.meidusa.amoeba.util.InitialisationException: parser expression:
                           getDbByUserId(userId)
                         
                    error
	at com.meidusa.amoeba.route.TableRuleFileLoader.loadRule(TableRuleFileLoader.java:451)
	at com.meidusa.amoeba.route.TableRuleFileLoader.loadTableRule(TableRuleFileLoader.java:395)
	at com.meidusa.amoeba.route.TableRuleFileLoader.loadConfigurationFile(TableRuleFileLoader.java:308)
	at com.meidusa.amoeba.route.TableRuleFileLoader.loadRule(TableRuleFileLoader.java:268)
	at com.meidusa.amoeba.route.AbstractQueryRouter.init(AbstractQueryRouter.java:562)
	at com.meidusa.amoeba.context.ProxyRuntimeContext.initAllInitialisableBeans(ProxyRuntimeContext.java:331)
	at com.meidusa.amoeba.context.ProxyRuntimeContext.init(ProxyRuntimeContext.java:291)
	at com.meidusa.amoeba.server.AmoebaProxyServer.main(AmoebaProxyServer.java:162)
Caused by: com.meidusa.amoeba.sqljep.ParseException: Function "getDbByUserId" requires 2 parameters

	at com.meidusa.amoeba.sqljep.BaseJEP.parseExpression(BaseJEP.java:189)
	at com.meidusa.amoeba.route.TableRuleFileLoader.loadRule(TableRuleFileLoader.java:449)
	... 7 more
2015-07-09 16:13:55,501 FATAL route.AbstractQueryRouter - Could not load configuration file, failing
com.meidusa.amoeba.util.InitialisationException: parser expression:
                           getDbByUserId(userId)
                         
                    error
	at com.meidusa.amoeba.route.TableRuleFileLoader.loadRule(TableRuleFileLoader.java:451)
	at com.meidusa.amoeba.route.TableRuleFileLoader.loadTableRule(TableRuleFileLoader.java:395)
	at com.meidusa.amoeba.route.TableRuleFileLoader.loadConfigurationFile(TableRuleFileLoader.java:308)
	at com.meidusa.amoeba.route.TableRuleFileLoader.loadRule(TableRuleFileLoader.java:268)
	at com.meidusa.amoeba.route.AbstractQueryRouter.init(AbstractQueryRouter.java:562)
	at com.meidusa.amoeba.context.ProxyRuntimeContext.initAllInitialisableBeans(ProxyRuntimeContext.java:331)
	at com.meidusa.amoeba.context.ProxyRuntimeContext.init(ProxyRuntimeContext.java:291)
	at com.meidusa.amoeba.server.AmoebaProxyServer.main(AmoebaProxyServer.java:162)
Caused by: com.meidusa.amoeba.sqljep.ParseException: Function "getDbByUserId" requires 2 parameters

	at com.meidusa.amoeba.sqljep.BaseJEP.parseExpression(BaseJEP.java:189)
	at com.meidusa.amoeba.route.TableRuleFileLoader.loadRule(TableRuleFileLoader.java:449)
	... 7 more
2015-07-09 16:16:06,912 FATAL route.AbstractQueryRouter - Could not load configuration file, failing
com.meidusa.amoeba.util.InitialisationException: parser expression:
                           getDbByUserId(userId)
                         
                    error
	at com.meidusa.amoeba.route.TableRuleFileLoader.loadRule(TableRuleFileLoader.java:451)
	at com.meidusa.amoeba.route.TableRuleFileLoader.loadTableRule(TableRuleFileLoader.java:395)
	at com.meidusa.amoeba.route.TableRuleFileLoader.loadConfigurationFile(TableRuleFileLoader.java:308)
	at com.meidusa.amoeba.route.TableRuleFileLoader.loadRule(TableRuleFileLoader.java:268)
	at com.meidusa.amoeba.route.AbstractQueryRouter.init(AbstractQueryRouter.java:562)
	at com.meidusa.amoeba.context.ProxyRuntimeContext.initAllInitialisableBeans(ProxyRuntimeContext.java:331)
	at com.meidusa.amoeba.context.ProxyRuntimeContext.init(ProxyRuntimeContext.java:291)
	at com.meidusa.amoeba.server.AmoebaProxyServer.main(AmoebaProxyServer.java:162)
Caused by: com.meidusa.amoeba.sqljep.ParseException: Function "getDbByUserId" requires 2 parameters

	at com.meidusa.amoeba.sqljep.BaseJEP.parseExpression(BaseJEP.java:189)
	at com.meidusa.amoeba.route.TableRuleFileLoader.loadRule(TableRuleFileLoader.java:449)
	... 7 more
2015-07-09 16:18:05,719 FATAL route.AbstractQueryRouter - Could not load configuration file, failing
com.meidusa.amoeba.util.InitialisationException: parser expression:
                           getDbByUserId(userId,a)
                         
                    error
	at com.meidusa.amoeba.route.TableRuleFileLoader.loadRule(TableRuleFileLoader.java:451)
	at com.meidusa.amoeba.route.TableRuleFileLoader.loadTableRule(TableRuleFileLoader.java:395)
	at com.meidusa.amoeba.route.TableRuleFileLoader.loadConfigurationFile(TableRuleFileLoader.java:308)
	at com.meidusa.amoeba.route.TableRuleFileLoader.loadRule(TableRuleFileLoader.java:268)
	at com.meidusa.amoeba.route.AbstractQueryRouter.init(AbstractQueryRouter.java:562)
	at com.meidusa.amoeba.context.ProxyRuntimeContext.initAllInitialisableBeans(ProxyRuntimeContext.java:331)
	at com.meidusa.amoeba.context.ProxyRuntimeContext.init(ProxyRuntimeContext.java:291)
	at com.meidusa.amoeba.server.AmoebaProxyServer.main(AmoebaProxyServer.java:162)
Caused by: com.meidusa.amoeba.sqljep.ParseException: Unrecognized symbol "a"

	at com.meidusa.amoeba.sqljep.BaseJEP.parseExpression(BaseJEP.java:189)
	at com.meidusa.amoeba.route.TableRuleFileLoader.loadRule(TableRuleFileLoader.java:449)
	... 7 more
2015-07-09 16:22:54,355 FATAL route.AbstractQueryRouter - Could not load configuration file, failing
com.meidusa.amoeba.util.InitialisationException: parser expression:
                           getDbByUserId(dbserver,userId)
                         
                    error
	at com.meidusa.amoeba.route.TableRuleFileLoader.loadRule(TableRuleFileLoader.java:451)
	at com.meidusa.amoeba.route.TableRuleFileLoader.loadTableRule(TableRuleFileLoader.java:395)
	at com.meidusa.amoeba.route.TableRuleFileLoader.loadConfigurationFile(TableRuleFileLoader.java:308)
	at com.meidusa.amoeba.route.TableRuleFileLoader.loadRule(TableRuleFileLoader.java:268)
	at com.meidusa.amoeba.route.AbstractQueryRouter.init(AbstractQueryRouter.java:562)
	at com.meidusa.amoeba.context.ProxyRuntimeContext.initAllInitialisableBeans(ProxyRuntimeContext.java:331)
	at com.meidusa.amoeba.context.ProxyRuntimeContext.init(ProxyRuntimeContext.java:291)
	at com.meidusa.amoeba.server.AmoebaProxyServer.main(AmoebaProxyServer.java:162)
Caused by: com.meidusa.amoeba.sqljep.ParseException: Unrecognized symbol "dbserver"

	at com.meidusa.amoeba.sqljep.BaseJEP.parseExpression(BaseJEP.java:189)
	at com.meidusa.amoeba.route.TableRuleFileLoader.loadRule(TableRuleFileLoader.java:449)
	... 7 more
2015-07-09 17:42:55,576 FATAL route.AbstractQueryRouter - Could not load configuration file, failing
com.meidusa.amoeba.util.InitialisationException: parser expression:
                           getDbByUserId(userId)
                         
                    error
	at com.meidusa.amoeba.route.TableRuleFileLoader.loadRule(TableRuleFileLoader.java:451)
	at com.meidusa.amoeba.route.TableRuleFileLoader.loadTableRule(TableRuleFileLoader.java:395)
	at com.meidusa.amoeba.route.TableRuleFileLoader.loadConfigurationFile(TableRuleFileLoader.java:308)
	at com.meidusa.amoeba.route.TableRuleFileLoader.loadRule(TableRuleFileLoader.java:268)
	at com.meidusa.amoeba.route.AbstractQueryRouter$1ConfigCheckTread.run(AbstractQueryRouter.java:522)
Caused by: com.meidusa.amoeba.sqljep.ParseException: Function "getDbByUserId" requires 2 parameters

	at com.meidusa.amoeba.sqljep.BaseJEP.parseExpression(BaseJEP.java:189)
	at com.meidusa.amoeba.route.TableRuleFileLoader.loadRule(TableRuleFileLoader.java:449)
	... 4 more
2015-07-09 17:43:18,361 FATAL route.AbstractQueryRouter - Could not load configuration file, failing
com.meidusa.amoeba.util.InitialisationException: parser expression:
                           getDbByUserId(userId)
                         
                    error
	at com.meidusa.amoeba.route.TableRuleFileLoader.loadRule(TableRuleFileLoader.java:451)
	at com.meidusa.amoeba.route.TableRuleFileLoader.loadTableRule(TableRuleFileLoader.java:395)
	at com.meidusa.amoeba.route.TableRuleFileLoader.loadConfigurationFile(TableRuleFileLoader.java:308)
	at com.meidusa.amoeba.route.TableRuleFileLoader.loadRule(TableRuleFileLoader.java:268)
	at com.meidusa.amoeba.route.AbstractQueryRouter.init(AbstractQueryRouter.java:562)
	at com.meidusa.amoeba.context.ProxyRuntimeContext.initAllInitialisableBeans(ProxyRuntimeContext.java:331)
	at com.meidusa.amoeba.context.ProxyRuntimeContext.init(ProxyRuntimeContext.java:291)
	at com.meidusa.amoeba.server.AmoebaProxyServer.main(AmoebaProxyServer.java:162)
Caused by: com.meidusa.amoeba.sqljep.ParseException: Encountered "(" at line 2, column 41.
Was expecting one of:
    <EOF> 
    "||" ...
    "+" ...
    "-" ...
    "*" ...
    "/" ...
    "div" ...
    "%" ...
    ">" ...
    "<" ...
    <EQ> ...
    "<=" ...
    ">=" ...
    "!=" ...
    "and" ...
    "or" ...
    "is null" ...
    "is not null" ...
    "in" ...
    "between" ...
    "like" ...
    "not like" ...
    <IF> ...
    

	at com.meidusa.amoeba.sqljep.BaseJEP.parseExpression(BaseJEP.java:189)
	at com.meidusa.amoeba.route.TableRuleFileLoader.loadRule(TableRuleFileLoader.java:449)
	... 7 more
2015-07-09 17:44:11,593 FATAL route.AbstractQueryRouter - Could not load configuration file, failing
com.meidusa.amoeba.util.InitialisationException: parser expression:
                           getDbByUserId(userId);
                         
                    error
	at com.meidusa.amoeba.route.TableRuleFileLoader.loadRule(TableRuleFileLoader.java:451)
	at com.meidusa.amoeba.route.TableRuleFileLoader.loadTableRule(TableRuleFileLoader.java:395)
	at com.meidusa.amoeba.route.TableRuleFileLoader.loadConfigurationFile(TableRuleFileLoader.java:308)
	at com.meidusa.amoeba.route.TableRuleFileLoader.loadRule(TableRuleFileLoader.java:268)
	at com.meidusa.amoeba.route.AbstractQueryRouter.init(AbstractQueryRouter.java:562)
	at com.meidusa.amoeba.context.ProxyRuntimeContext.initAllInitialisableBeans(ProxyRuntimeContext.java:331)
	at com.meidusa.amoeba.context.ProxyRuntimeContext.init(ProxyRuntimeContext.java:291)
	at com.meidusa.amoeba.server.AmoebaProxyServer.main(AmoebaProxyServer.java:162)
Caused by: com.meidusa.amoeba.sqljep.ParseException: Encountered "(" at line 2, column 41.
Was expecting one of:
    <EOF> 
    "||" ...
    "+" ...
    "-" ...
    "*" ...
    "/" ...
    "div" ...
    "%" ...
    ">" ...
    "<" ...
    <EQ> ...
    "<=" ...
    ">=" ...
    "!=" ...
    "and" ...
    "or" ...
    "is null" ...
    "is not null" ...
    "in" ...
    "between" ...
    "like" ...
    "not like" ...
    <IF> ...
    

	at com.meidusa.amoeba.sqljep.BaseJEP.parseExpression(BaseJEP.java:189)
	at com.meidusa.amoeba.route.TableRuleFileLoader.loadRule(TableRuleFileLoader.java:449)
	... 7 more
2015-07-09 17:46:07,209 FATAL route.AbstractQueryRouter - Could not load configuration file, failing
com.meidusa.amoeba.util.InitialisationException: parser expression:
                          var server = getDbByUserId(userId);
                          isReadStatement = server;
                    error
	at com.meidusa.amoeba.route.TableRuleFileLoader.loadRule(TableRuleFileLoader.java:451)
	at com.meidusa.amoeba.route.TableRuleFileLoader.loadTableRule(TableRuleFileLoader.java:395)
	at com.meidusa.amoeba.route.TableRuleFileLoader.loadConfigurationFile(TableRuleFileLoader.java:308)
	at com.meidusa.amoeba.route.TableRuleFileLoader.loadRule(TableRuleFileLoader.java:268)
	at com.meidusa.amoeba.route.AbstractQueryRouter.init(AbstractQueryRouter.java:562)
	at com.meidusa.amoeba.context.ProxyRuntimeContext.initAllInitialisableBeans(ProxyRuntimeContext.java:331)
	at com.meidusa.amoeba.context.ProxyRuntimeContext.init(ProxyRuntimeContext.java:291)
	at com.meidusa.amoeba.server.AmoebaProxyServer.main(AmoebaProxyServer.java:162)
Caused by: com.meidusa.amoeba.sqljep.ParseException: Encountered "(" at line 2, column 53.
Was expecting one of:
    "||" ...
    "+" ...
    "-" ...
    "*" ...
    "/" ...
    "div" ...
    "%" ...
    ">" ...
    "<" ...
    <EQ> ...
    "<=" ...
    ">=" ...
    "!=" ...
    "and" ...
    "or" ...
    "is null" ...
    "is not null" ...
    "in" ...
    "between" ...
    "like" ...
    "not like" ...
    <IF> ...
    ";" ...
    

	at com.meidusa.amoeba.sqljep.BaseJEP.parseExpression(BaseJEP.java:189)
	at com.meidusa.amoeba.route.TableRuleFileLoader.loadRule(TableRuleFileLoader.java:449)
	... 7 more
2015-07-09 17:47:40,212 FATAL route.AbstractQueryRouter - Could not load configuration file, failing
com.meidusa.amoeba.util.InitialisationException: parser expression:
                          var server = getDbServerById(userId);
                          isReadStatement = server;
                    error
	at com.meidusa.amoeba.route.TableRuleFileLoader.loadRule(TableRuleFileLoader.java:451)
	at com.meidusa.amoeba.route.TableRuleFileLoader.loadTableRule(TableRuleFileLoader.java:395)
	at com.meidusa.amoeba.route.TableRuleFileLoader.loadConfigurationFile(TableRuleFileLoader.java:308)
	at com.meidusa.amoeba.route.TableRuleFileLoader.loadRule(TableRuleFileLoader.java:268)
	at com.meidusa.amoeba.route.AbstractQueryRouter.init(AbstractQueryRouter.java:562)
	at com.meidusa.amoeba.context.ProxyRuntimeContext.initAllInitialisableBeans(ProxyRuntimeContext.java:331)
	at com.meidusa.amoeba.context.ProxyRuntimeContext.init(ProxyRuntimeContext.java:291)
	at com.meidusa.amoeba.server.AmoebaProxyServer.main(AmoebaProxyServer.java:162)
Caused by: com.meidusa.amoeba.sqljep.ParseException: Encountered ";" at line 3, column 51.
Was expecting one of:
    <EOF> 
    "||" ...
    "+" ...
    "-" ...
    "*" ...
    "/" ...
    "div" ...
    "%" ...
    ">" ...
    "<" ...
    <EQ> ...
    "<=" ...
    ">=" ...
    "!=" ...
    "and" ...
    "or" ...
    "is null" ...
    "is not null" ...
    "in" ...
    "between" ...
    "like" ...
    "not like" ...
    <IF> ...
    

	at com.meidusa.amoeba.sqljep.BaseJEP.parseExpression(BaseJEP.java:189)
	at com.meidusa.amoeba.route.TableRuleFileLoader.loadRule(TableRuleFileLoader.java:449)
	... 7 more
2015-07-09 17:49:43,032 ERROR route.AbstractQueryRouter - cannot found Pool=false,sqlObject={sql=[select count(1) rowcount from t_traderatebad where userId=636016020], parameter=[]}
2015-07-09 17:52:35,176 ERROR route.AbstractQueryRouter - cannot found Pool=false,sqlObject={sql=[select count(1) rowcount from t_traderatebad where userId=636016020], parameter=[]}
2015-07-09 17:53:53,878 ERROR route.AbstractQueryRouter - cannot found Pool=false,sqlObject={sql=[select count(1) rowcount from t_traderatebad where userId=636016020], parameter=[]}
2015-07-09 17:58:06,659 ERROR route.AbstractQueryRouter - cannot found Pool=false,sqlObject={sql=[select count(1) rowcount from t_traderatebad where userId=636016020], parameter=[]}
2015-07-09 18:00:52,122 ERROR route.AbstractQueryRouter - cannot found Pool=false,sqlObject={sql=[select count(1) rowcount from t_traderatebad where userId=636016020], parameter=[]}
